{
  "RSpec": {
    "coverage": {
      "/Users/viniciusteles/projects/personare/bowlinggame/rubylang/game.rb": [
        1,
        1,
        4,
        null,
        null,
        1,
        72,
        72,
        null,
        null,
        1,
        4,
        null,
        4,
        40,
        10,
        10,
        30,
        1,
        1,
        null,
        29,
        29,
        null,
        null,
        null,
        4,
        null,
        null,
        1,
        40,
        null,
        null,
        1,
        29,
        null,
        null,
        1,
        1,
        null,
        null,
        1,
        10,
        null,
        null,
        1,
        30,
        null,
        null
      ]
    },
    "timestamp": 1412085298
  }
}
