{"/home/vinicius/projects/bowlinggame/nodef/game.js":{"path":"/home/vinicius/projects/bowlinggame/nodef/game.js","s":{"1":1,"2":1,"3":1,"4":1,"5":20,"6":1,"7":1,"8":1,"9":10,"10":0,"11":0,"12":10,"13":0,"14":0,"15":10,"16":10,"17":1,"18":1,"19":10,"20":1,"21":10,"22":1,"23":0,"24":1,"25":0,"26":1,"27":10,"28":1,"29":1},"b":{"1":[0,10],"2":[0,10]},"f":{"1":1,"2":1,"3":20,"4":1,"5":10,"6":10,"7":0,"8":0,"9":10},"fnMap":{"1":{"name":"(anonymous_1)","line":1,"loc":{"start":{"line":1,"column":17},"end":{"line":1,"column":28}}},"2":{"name":"startGame","line":2,"loc":{"start":{"line":2,"column":2},"end":{"line":2,"column":23}}},"3":{"name":"(anonymous_3)","line":6,"loc":{"start":{"line":6,"column":29},"end":{"line":6,"column":44}}},"4":{"name":"(anonymous_4)","line":10,"loc":{"start":{"line":10,"column":30},"end":{"line":10,"column":41}}},"5":{"name":"(anonymous_5)","line":28,"loc":{"start":{"line":28,"column":33},"end":{"line":28,"column":54}}},"6":{"name":"(anonymous_6)","line":32,"loc":{"start":{"line":32,"column":42},"end":{"line":32,"column":63}}},"7":{"name":"(anonymous_7)","line":36,"loc":{"start":{"line":36,"column":35},"end":{"line":36,"column":56}}},"8":{"name":"(anonymous_8)","line":40,"loc":{"start":{"line":40,"column":36},"end":{"line":40,"column":57}}},"9":{"name":"(anonymous_9)","line":44,"loc":{"start":{"line":44,"column":32},"end":{"line":44,"column":53}}}},"statementMap":{"1":{"start":{"line":1,"column":0},"end":{"line":48,"column":25}},"2":{"start":{"line":2,"column":2},"end":{"line":4,"column":3}},"3":{"start":{"line":3,"column":4},"end":{"line":3,"column":43}},"4":{"start":{"line":6,"column":2},"end":{"line":8,"column":4}},"5":{"start":{"line":7,"column":4},"end":{"line":7,"column":26}},"6":{"start":{"line":10,"column":2},"end":{"line":26,"column":4}},"7":{"start":{"line":11,"column":4},"end":{"line":11,"column":34}},"8":{"start":{"line":13,"column":4},"end":{"line":23,"column":5}},"9":{"start":{"line":14,"column":6},"end":{"line":22,"column":26}},"10":{"start":{"line":15,"column":8},"end":{"line":15,"column":51}},"11":{"start":{"line":16,"column":8},"end":{"line":16,"column":24}},"12":{"start":{"line":17,"column":11},"end":{"line":22,"column":26}},"13":{"start":{"line":18,"column":8},"end":{"line":18,"column":50}},"14":{"start":{"line":19,"column":8},"end":{"line":19,"column":24}},"15":{"start":{"line":21,"column":8},"end":{"line":21,"column":52}},"16":{"start":{"line":22,"column":8},"end":{"line":22,"column":24}},"17":{"start":{"line":25,"column":4},"end":{"line":25,"column":17}},"18":{"start":{"line":28,"column":2},"end":{"line":32,"column":2}},"19":{"start":{"line":29,"column":4},"end":{"line":29,"column":40}},"20":{"start":{"line":32,"column":2},"end":{"line":34,"column":4}},"21":{"start":{"line":33,"column":4},"end":{"line":33,"column":61}},"22":{"start":{"line":36,"column":2},"end":{"line":40,"column":2}},"23":{"start":{"line":37,"column":4},"end":{"line":37,"column":36}},"24":{"start":{"line":40,"column":2},"end":{"line":44,"column":2}},"25":{"start":{"line":41,"column":4},"end":{"line":41,"column":63}},"26":{"start":{"line":44,"column":2},"end":{"line":48,"column":2}},"27":{"start":{"line":45,"column":4},"end":{"line":45,"column":67}},"28":{"start":{"line":48,"column":2},"end":{"line":48,"column":19}},"29":{"start":{"line":51,"column":2},"end":{"line":51,"column":29}}},"branchMap":{"1":{"line":14,"type":"if","locations":[{"start":{"line":14,"column":6},"end":{"line":14,"column":6}},{"start":{"line":14,"column":6},"end":{"line":14,"column":6}}]},"2":{"line":17,"type":"if","locations":[{"start":{"line":17,"column":11},"end":{"line":17,"column":11}},{"start":{"line":17,"column":11},"end":{"line":17,"column":11}}]}}}}