TN:
SF:/home/vinicius/projects/bowlinggame/nodef/game.js
FN:1,(anonymous_1)
FN:2,startGame
FN:6,(anonymous_3)
FN:10,(anonymous_4)
FN:28,(anonymous_5)
FN:32,(anonymous_6)
FN:36,(anonymous_7)
FN:40,(anonymous_8)
FN:44,(anonymous_9)
FNF:9
FNH:7
FNDA:1,(anonymous_1)
FNDA:1,startGame
FNDA:20,(anonymous_3)
FNDA:1,(anonymous_4)
FNDA:10,(anonymous_5)
FNDA:10,(anonymous_6)
FNDA:0,(anonymous_7)
FNDA:0,(anonymous_8)
FNDA:10,(anonymous_9)
DA:1,1
DA:2,1
DA:3,1
DA:6,1
DA:7,20
DA:10,1
DA:11,1
DA:13,1
DA:14,10
DA:15,0
DA:16,0
DA:17,10
DA:18,0
DA:19,0
DA:21,10
DA:22,10
DA:25,1
DA:28,1
DA:29,10
DA:32,1
DA:33,10
DA:36,1
DA:37,0
DA:40,1
DA:41,0
DA:44,1
DA:45,10
DA:48,1
DA:51,1
LF:29
LH:23
BRDA:14,1,0,0
BRDA:14,1,1,10
BRDA:17,2,0,0
BRDA:17,2,1,10
BRF:4
BRH:2
end_of_record
